<?xml version="1.0" encoding="UTF-8"?>
<!-- Generated by org.testng.reporters.JUnitReportReporter -->
<testsuite hostname="IN-PG02NM7D" failures="0" tests="1" name="TestCases.FlipkartPlusTestPage" time="28.694" errors="0" timestamp="2023-01-11T14:58:33 IST" skipped="0">
  <testcase classname="TestCases.FlipkartPlusTestPage" name="flipkartplus" time="28.694"/>
  <system-out/>
</testsuite> <!-- TestCases.FlipkartPlusTestPage -->
