<?xml version="1.0" encoding="UTF-8"?>
<!-- Generated by org.testng.reporters.JUnitReportReporter -->
<testsuite hostname="IN-PG02NM7D" failures="0" tests="1" name="TestCases.FlipkartStoriesTestViewPage" time="59.575" errors="0" timestamp="2023-01-11T14:54:07 IST" skipped="0">
  <testcase classname="TestCases.FlipkartStoriesTestViewPage" name="Flipkartstories" time="59.575"/>
  <system-out/>
</testsuite> <!-- TestCases.FlipkartStoriesTestViewPage -->
