<?xml version="1.0" encoding="UTF-8"?>
<!-- Generated by org.testng.reporters.JUnitReportReporter -->
<testsuite hostname="IN-PG02NM7D" failures="0" tests="1" name="TestCases.AdvertiseTestPage" time="51.669" errors="0" timestamp="2023-01-08T22:12:44 IST" skipped="0">
  <testcase classname="TestCases.AdvertiseTestPage" name="advertise" time="51.669"/>
  <system-out/>
</testsuite> <!-- TestCases.AdvertiseTestPage -->
