<?xml version="1.0" encoding="UTF-8"?>
<!-- Generated by org.testng.reporters.JUnitReportReporter -->
<testsuite hostname="IN-PG02NM7D" failures="0" tests="3" name="TestCases.GiftCardsTestPage" time="86.202" errors="0" timestamp="2023-01-11T14:13:51 IST" skipped="0">
  <testcase classname="TestCases.GiftCardsTestPage" name="giftcards" time="31.758"/>
  <system-out/>
  <testcase classname="TestCases.GiftCardsTestPage" name="giftcard2Testcase" time="26.790"/>
  <system-out/>
  <testcase classname="TestCases.GiftCardsTestPage" name="giftcards3Thirdcase" time="27.654"/>
  <system-out/>
</testsuite> <!-- TestCases.GiftCardsTestPage -->
