<?xml version="1.0" encoding="UTF-8"?>
<!-- Generated by org.testng.reporters.JUnitReportReporter -->
<testsuite hostname="IN-PG02NM7D" failures="0" tests="1" name="TestCases.TravelViewTestPage" time="49.590" errors="0" timestamp="2023-01-11T11:24:11 IST" skipped="0">
  <testcase classname="TestCases.TravelViewTestPage" name="Travel" time="49.590"/>
  <system-out/>
</testsuite> <!-- TestCases.TravelViewTestPage -->
