<?xml version="1.0" encoding="UTF-8"?>
<!-- Generated by org.testng.reporters.JUnitReportReporter -->
<testsuite hostname="IN-PG02NM7D" failures="0" tests="1" name="TestCases.loginTest" time="47.600" errors="0" timestamp="2023-01-08T12:13:05 IST" skipped="0">
  <testcase classname="TestCases.loginTest" name="login" time="47.600"/>
  <system-out/>
</testsuite> <!-- TestCases.loginTest -->
