<?xml version="1.0" encoding="UTF-8"?>
<!-- Generated by org.testng.reporters.JUnitReportReporter -->
<testsuite hostname="IN-PG02NM7D" failures="0" tests="4" name="TestCases.AddToCartTestPage" time="176.982" errors="0" timestamp="2023-01-11T15:57:48 IST" skipped="0">
  <testcase classname="TestCases.AddToCartTestPage" name="cartpagemethod1" time="70.155"/>
  <system-out/>
  <testcase classname="TestCases.AddToCartTestPage" name="cartpagemethod2" time="40.497"/>
  <system-out/>
  <testcase classname="TestCases.AddToCartTestPage" name="cartpagemethod3" time="24.801"/>
  <system-out/>
  <testcase classname="TestCases.AddToCartTestPage" name="cartpagemethod4" time="41.529"/>
  <system-out/>
</testsuite> <!-- TestCases.AddToCartTestPage -->
