<?xml version="1.0" encoding="UTF-8"?>
<!-- Generated by org.testng.reporters.JUnitReportReporter -->
<testsuite hostname="IN-PG02NM7D" failures="0" tests="1" name="TestCases.HelpcentreViewTestPage" time="102.682" errors="0" timestamp="2023-01-11T13:31:01 IST" skipped="0">
  <testcase classname="TestCases.HelpcentreViewTestPage" name="Helpcentre" time="102.682"/>
  <system-out/>
</testsuite> <!-- TestCases.HelpcentreViewTestPage -->
