<?xml version="1.0" encoding="UTF-8"?>
<!-- Generated by org.testng.reporters.JUnitReportReporter -->
<testsuite hostname="IN-PG02NM7D" failures="0" tests="1" name="TestCases.ReportTestPage" time="51.846" errors="0" timestamp="2023-01-11T12:54:27 IST" skipped="0">
  <testcase classname="TestCases.ReportTestPage" name="reportpage1" time="51.846"/>
  <system-out/>
</testsuite> <!-- TestCases.ReportTestPage -->
