<?xml version="1.0" encoding="UTF-8"?>
<!-- Generated by org.testng.reporters.JUnitReportReporter -->
<testsuite hostname="IN-PG02NM7D" failures="0" tests="2" name="TestCases.GroceryTestPage" time="136.293" errors="0" timestamp="2023-01-11T13:36:59 IST" skipped="0">
  <testcase classname="TestCases.GroceryTestPage" name="groceryitems" time="47.900"/>
  <system-out/>
  <testcase classname="TestCases.GroceryTestPage" name="groceryitems2" time="88.393"/>
  <system-out/>
</testsuite> <!-- TestCases.GroceryTestPage -->
